<?xml version="1.0" encoding="UTF-8"?>
<testng-results ignored="0" total="1" passed="1" failed="0" skipped="0">
  <reporter-output>
  </reporter-output>
  <suite started-at="2024-07-30T03:41:24 IST" name="Default suite" finished-at="2024-07-30T03:41:53 IST" duration-ms="28815">
    <groups>
    </groups>
    <test started-at="2024-07-30T03:41:24 IST" name="Default test" finished-at="2024-07-30T03:41:53 IST" duration-ms="28815">
      <class name="trry.Test_Prog">
        <test-method is-config="true" signature="setup()[pri:0, instance:trry.Test_Prog@514646ef]" started-at="2024-07-30T03:41:24 IST" name="setup" finished-at="2024-07-30T03:41:29 IST" duration-ms="4868" status="PASS">
          <reporter-output>
          </reporter-output>
        </test-method> <!-- setup -->
        <test-method signature="login()[pri:0, instance:trry.Test_Prog@514646ef]" started-at="2024-07-30T03:41:29 IST" name="login" finished-at="2024-07-30T03:41:53 IST" duration-ms="23882" status="PASS">
          <reporter-output>
          </reporter-output>
        </test-method> <!-- login -->
        <test-method is-config="true" signature="tearDown()[pri:0, instance:trry.Test_Prog@514646ef]" started-at="2024-07-30T03:41:53 IST" name="tearDown" finished-at="2024-07-30T03:41:53 IST" duration-ms="33" status="PASS">
          <reporter-output>
          </reporter-output>
        </test-method> <!-- tearDown -->
      </class> <!-- trry.Test_Prog -->
    </test> <!-- Default test -->
  </suite> <!-- Default suite -->
</testng-results>
